[debug] [2025-07-20T23:58:59.592Z] ----------------------------------------------------------------------
[debug] [2025-07-20T23:58:59.595Z] Command:       C:\Program Files\nodejs\node.exe C:\Users\ayers\AppData\Roaming\npm\node_modules\firebase-tools\lib\bin\firebase.js deploy
[debug] [2025-07-20T23:58:59.595Z] CLI Version:   14.11.0
[debug] [2025-07-20T23:58:59.595Z] Platform:      win32
[debug] [2025-07-20T23:58:59.595Z] Node Version:  v22.17.0
[debug] [2025-07-20T23:58:59.595Z] Time:          Sun Jul 20 2025 18:58:59 GMT-0500 (Central Daylight Time)
[debug] [2025-07-20T23:58:59.595Z] ----------------------------------------------------------------------
[debug] 
[debug] [2025-07-20T23:58:59.703Z] > command requires scopes: ["email","openid","https://www.googleapis.com/auth/cloudplatformprojects.readonly","https://www.googleapis.com/auth/firebase","https://www.googleapis.com/auth/cloud-platform"]
[debug] [2025-07-20T23:58:59.704Z] > authorizing via signed-in user (ayersunil018@gmail.com)
[debug] [2025-07-20T23:58:59.704Z] [iam] checking project choreboard-4246f for permissions ["cloudfunctions.functions.create","cloudfunctions.functions.delete","cloudfunctions.functions.get","cloudfunctions.functions.list","cloudfunctions.functions.update","cloudfunctions.operations.get","firebase.projects.get","firebasehosting.sites.update"]
[debug] [2025-07-20T23:58:59.704Z] Checked if tokens are valid: true, expires at: 1753056853272
[debug] [2025-07-20T23:58:59.704Z] Checked if tokens are valid: true, expires at: 1753056853272
[debug] [2025-07-20T23:58:59.705Z] >>> [apiv2][query] POST https://cloudresourcemanager.googleapis.com/v1/projects/choreboard-4246f:testIamPermissions [none]
[debug] [2025-07-20T23:58:59.705Z] >>> [apiv2][(partial)header] POST https://cloudresourcemanager.googleapis.com/v1/projects/choreboard-4246f:testIamPermissions x-goog-quota-user=projects/choreboard-4246f
[debug] [2025-07-20T23:58:59.705Z] >>> [apiv2][body] POST https://cloudresourcemanager.googleapis.com/v1/projects/choreboard-4246f:testIamPermissions {"permissions":["cloudfunctions.functions.create","cloudfunctions.functions.delete","cloudfunctions.functions.get","cloudfunctions.functions.list","cloudfunctions.functions.update","cloudfunctions.operations.get","firebase.projects.get","firebasehosting.sites.update"]}
[debug] [2025-07-20T23:58:59.868Z] <<< [apiv2][status] POST https://cloudresourcemanager.googleapis.com/v1/projects/choreboard-4246f:testIamPermissions 200
[debug] [2025-07-20T23:58:59.868Z] <<< [apiv2][body] POST https://cloudresourcemanager.googleapis.com/v1/projects/choreboard-4246f:testIamPermissions {"permissions":["cloudfunctions.functions.create","cloudfunctions.functions.delete","cloudfunctions.functions.get","cloudfunctions.functions.list","cloudfunctions.functions.update","cloudfunctions.operations.get","firebase.projects.get","firebasehosting.sites.update"]}
[debug] [2025-07-20T23:58:59.868Z] Checked if tokens are valid: true, expires at: 1753056853272
[debug] [2025-07-20T23:58:59.868Z] Checked if tokens are valid: true, expires at: 1753056853272
[debug] [2025-07-20T23:58:59.868Z] >>> [apiv2][query] POST https://iam.googleapis.com/v1/projects/choreboard-4246f/serviceAccounts/choreboard-4246f@appspot.gserviceaccount.com:testIamPermissions [none]
[debug] [2025-07-20T23:58:59.868Z] >>> [apiv2][body] POST https://iam.googleapis.com/v1/projects/choreboard-4246f/serviceAccounts/choreboard-4246f@appspot.gserviceaccount.com:testIamPermissions {"permissions":["iam.serviceAccounts.actAs"]}
